This is pdfTeX, Version 3.141592653-2.6-1.40.25 (MiKTeX 24.1) (preloaded format=pdflatex 2025.4.3)  15 APR 2025 21:17
entering extended mode
 restricted \write18 enabled.
 %&-line parsing enabled.
**./DID_Aude_2018.tex
(DID_Aude_2018.tex
LaTeX2e <2023-11-01> patch level 1
L3 programming layer <2024-01-04>
(C:\Users\phile\AppData\Local\Programs\MiKTeX\tex/latex/base\article.cls
Document Class: article 2023/05/17 v1.4n Standard LaTeX document class
(C:\Users\phile\AppData\Local\Programs\MiKTeX\tex/latex/base\size12.clo
File: size12.clo 2023/05/17 v1.4n Standard LaTeX file (size option)
)
\c@part=\count187
\c@section=\count188
\c@subsection=\count189
\c@subsubsection=\count190
\c@paragraph=\count191
\c@subparagraph=\count192
\c@figure=\count193
\c@table=\count194
\abovecaptionskip=\skip48
\belowcaptionskip=\skip49
\bibindent=\dimen140
)
(C:\Users\phile\AppData\Local\Programs\MiKTeX\tex/generic/babel\babel.sty
Package: babel 2024/01/07 v24.1 The Babel package
\babel@savecnt=\count195
\U@D=\dimen141
\l@unhyphenated=\language79

(C:\Users\phile\AppData\Local\Programs\MiKTeX\tex/generic/babel\txtbabel.def)
\bbl@readstream=\read2
\bbl@dirlevel=\count196

*************************************
* Local config file bblopts.cfg used
*
(C:\Users\phile\AppData\Local\Programs\MiKTeX\tex/latex/arabi\bblopts.cfg
File: bblopts.cfg 2005/09/08 v0.1 add Arabic and Farsi to "declared" options of
 babel
)
(C:\Users\phile\AppData\Local\Programs\MiKTeX\tex/generic/babel-french\french.l
df
Language: french 2024-07-25 v3.6c French support from the babel system
Package babel Info: Hyphen rules for 'acadian' set to \l@french
(babel)             (\language22). Reported on input line 91.
Package babel Info: Hyphen rules for 'canadien' set to \l@french
(babel)             (\language22). Reported on input line 92.
\FB@stdchar=\count197
Package babel Info: Making : an active character on input line 421.
Package babel Info: Making ; an active character on input line 422.
Package babel Info: Making ! an active character on input line 423.
Package babel Info: Making ? an active character on input line 424.
\FBguill@level=\count198
\FBold@everypar=\toks17
\FB@Mht=\dimen142
\mc@charclass=\count199
\mc@charfam=\count266
\mc@charslot=\count267
\std@mcc=\count268
\dec@mcc=\count269
\FB@parskip=\dimen143
\listindentFB=\dimen144
\descindentFB=\dimen145
\labelindentFB=\dimen146
\labelwidthFB=\dimen147
\leftmarginFB=\dimen148
\parindentFFN=\dimen149
\FBfnindent=\dimen150
))
(C:\Users\phile\AppData\Local\Programs\MiKTeX\tex/generic/babel/locale/fr\babel
-french.tex
Package babel Info: Importing font and identification data for french
(babel)             from babel-fr.ini. Reported on input line 11.
)
(C:\Users\phile\AppData\Local\Programs\MiKTeX\tex/latex/carlisle\scalefnt.sty)
(C:\Users\phile\AppData\Local\Programs\MiKTeX\tex/latex/base\fontenc.sty
Package: fontenc 2021/04/29 v2.0v Standard LaTeX package
)
(C:\Users\phile\AppData\Local\Programs\MiKTeX\tex/latex/base\inputenc.sty
Package: inputenc 2021/02/14 v1.3d Input encoding file
\inpenc@prehook=\toks18
\inpenc@posthook=\toks19
)
(C:\Users\phile\AppData\Local\Programs\MiKTeX\tex/latex/graphics\graphicx.sty
Package: graphicx 2021/09/16 v1.2d Enhanced LaTeX Graphics (DPC,SPQR)

(C:\Users\phile\AppData\Local\Programs\MiKTeX\tex/latex/graphics\keyval.sty
Package: keyval 2022/05/29 v1.15 key=value parser (DPC)
\KV@toks@=\toks20
)
(C:\Users\phile\AppData\Local\Programs\MiKTeX\tex/latex/graphics\graphics.sty
Package: graphics 2022/03/10 v1.4e Standard LaTeX Graphics (DPC,SPQR)

(C:\Users\phile\AppData\Local\Programs\MiKTeX\tex/latex/graphics\trig.sty
Package: trig 2021/08/11 v1.11 sin cos tan (DPC)
)
(C:\Users\phile\AppData\Local\Programs\MiKTeX\tex/latex/graphics-cfg\graphics.c
fg
File: graphics.cfg 2016/06/04 v1.11 sample graphics configuration
)
Package graphics Info: Driver file: pdftex.def on input line 107.

(C:\Users\phile\AppData\Local\Programs\MiKTeX\tex/latex/graphics-def\pdftex.def
File: pdftex.def 2022/09/22 v1.2b Graphics/color driver for pdftex
))
\Gin@req@height=\dimen151
\Gin@req@width=\dimen152
) (C:\Users\phile\AppData\Local\Programs\MiKTeX\tex/latex/amsmath\amsmath.sty
Package: amsmath 2023/05/13 v2.17o AMS math features
\@mathmargin=\skip50
For additional information on amsmath, use the `?' option.
(C:\Users\phile\AppData\Local\Programs\MiKTeX\tex/latex/amsmath\amstext.sty
Package: amstext 2021/08/26 v2.01 AMS text

(C:\Users\phile\AppData\Local\Programs\MiKTeX\tex/latex/amsmath\amsgen.sty
File: amsgen.sty 1999/11/30 v2.0 generic functions
\@emptytoks=\toks21
\ex@=\dimen153
))
(C:\Users\phile\AppData\Local\Programs\MiKTeX\tex/latex/amsmath\amsbsy.sty
Package: amsbsy 1999/11/29 v1.2d Bold Symbols
\pmbraise@=\dimen154
)
(C:\Users\phile\AppData\Local\Programs\MiKTeX\tex/latex/amsmath\amsopn.sty
Package: amsopn 2022/04/08 v2.04 operator names
)
\inf@bad=\count270
LaTeX Info: Redefining \frac on input line 234.
\uproot@=\count271
\leftroot@=\count272
LaTeX Info: Redefining \overline on input line 399.
LaTeX Info: Redefining \colon on input line 410.
\classnum@=\count273
\DOTSCASE@=\count274
LaTeX Info: Redefining \ldots on input line 496.
LaTeX Info: Redefining \dots on input line 499.
LaTeX Info: Redefining \cdots on input line 620.
\Mathstrutbox@=\box51
\strutbox@=\box52
LaTeX Info: Redefining \big on input line 722.
LaTeX Info: Redefining \Big on input line 723.
LaTeX Info: Redefining \bigg on input line 724.
LaTeX Info: Redefining \Bigg on input line 725.
\big@size=\dimen155
LaTeX Font Info:    Redeclaring font encoding OML on input line 743.
LaTeX Font Info:    Redeclaring font encoding OMS on input line 744.
\macc@depth=\count275
LaTeX Info: Redefining \bmod on input line 905.
LaTeX Info: Redefining \pmod on input line 910.
LaTeX Info: Redefining \smash on input line 940.
LaTeX Info: Redefining \relbar on input line 970.
LaTeX Info: Redefining \Relbar on input line 971.
\c@MaxMatrixCols=\count276
\dotsspace@=\muskip16
\c@parentequation=\count277
\dspbrk@lvl=\count278
\tag@help=\toks22
\row@=\count279
\column@=\count280
\maxfields@=\count281
\andhelp@=\toks23
\eqnshift@=\dimen156
\alignsep@=\dimen157
\tagshift@=\dimen158
\tagwidth@=\dimen159
\totwidth@=\dimen160
\lineht@=\dimen161
\@envbody=\toks24
\multlinegap=\skip51
\multlinetaggap=\skip52
\mathdisplay@stack=\toks25
LaTeX Info: Redefining \[ on input line 2953.
LaTeX Info: Redefining \] on input line 2954.
)
(C:\Users\phile\AppData\Local\Programs\MiKTeX\tex/latex/amsfonts\amssymb.sty
Package: amssymb 2013/01/14 v3.01 AMS font symbols

(C:\Users\phile\AppData\Local\Programs\MiKTeX\tex/latex/amsfonts\amsfonts.sty
Package: amsfonts 2013/01/14 v3.01 Basic AMSFonts support
\symAMSa=\mathgroup4
\symAMSb=\mathgroup5
LaTeX Font Info:    Redeclaring math symbol \hbar on input line 98.
LaTeX Font Info:    Overwriting math alphabet `\mathfrak' in version `bold'
(Font)                  U/euf/m/n --> U/euf/b/n on input line 106.
)) (C:\Users\phile\AppData\Local\Programs\MiKTeX\tex/latex/hyperref\hyperref.st
y
Package: hyperref 2023-11-26 v7.01g Hypertext links for LaTeX

(C:\Users\phile\AppData\Local\Programs\MiKTeX\tex/generic/iftex\iftex.sty
Package: iftex 2022/02/03 v1.0f TeX engine tests
)
(C:\Users\phile\AppData\Local\Programs\MiKTeX\tex/generic/infwarerr\infwarerr.s
ty
Package: infwarerr 2019/12/03 v1.5 Providing info/warning/error messages (HO)
)
(C:\Users\phile\AppData\Local\Programs\MiKTeX\tex/latex/kvsetkeys\kvsetkeys.sty
Package: kvsetkeys 2022-10-05 v1.19 Key value parser (HO)
)
(C:\Users\phile\AppData\Local\Programs\MiKTeX\tex/generic/kvdefinekeys\kvdefine
keys.sty
Package: kvdefinekeys 2019-12-19 v1.6 Define keys (HO)
)
(C:\Users\phile\AppData\Local\Programs\MiKTeX\tex/generic/pdfescape\pdfescape.s
ty
Package: pdfescape 2019/12/09 v1.15 Implements pdfTeX's escape features (HO)

(C:\Users\phile\AppData\Local\Programs\MiKTeX\tex/generic/ltxcmds\ltxcmds.sty
Package: ltxcmds 2023-12-04 v1.26 LaTeX kernel commands for general use (HO)
)
(C:\Users\phile\AppData\Local\Programs\MiKTeX\tex/generic/pdftexcmds\pdftexcmds
.sty
Package: pdftexcmds 2020-06-27 v0.33 Utility functions of pdfTeX for LuaTeX (HO
)
Package pdftexcmds Info: \pdf@primitive is available.
Package pdftexcmds Info: \pdf@ifprimitive is available.
Package pdftexcmds Info: \pdfdraftmode found.
))
(C:\Users\phile\AppData\Local\Programs\MiKTeX\tex/latex/hycolor\hycolor.sty
Package: hycolor 2020-01-27 v1.10 Color options for hyperref/bookmark (HO)
)
(C:\Users\phile\AppData\Local\Programs\MiKTeX\tex/latex/letltxmacro\letltxmacro
.sty
Package: letltxmacro 2019/12/03 v1.6 Let assignment for LaTeX macros (HO)
)
(C:\Users\phile\AppData\Local\Programs\MiKTeX\tex/latex/auxhook\auxhook.sty
Package: auxhook 2019-12-17 v1.6 Hooks for auxiliary files (HO)
)
(C:\Users\phile\AppData\Local\Programs\MiKTeX\tex/latex/hyperref\nameref.sty
Package: nameref 2023-11-26 v2.56 Cross-referencing by name of section

(C:\Users\phile\AppData\Local\Programs\MiKTeX\tex/latex/refcount\refcount.sty
Package: refcount 2019/12/15 v3.6 Data extraction from label references (HO)
)
(C:\Users\phile\AppData\Local\Programs\MiKTeX\tex/generic/gettitlestring\gettit
lestring.sty
Package: gettitlestring 2019/12/15 v1.6 Cleanup title references (HO)

(C:\Users\phile\AppData\Local\Programs\MiKTeX\tex/latex/kvoptions\kvoptions.sty
Package: kvoptions 2022-06-15 v3.15 Key value format for package options (HO)
))
\c@section@level=\count282
)
(C:\Users\phile\AppData\Local\Programs\MiKTeX\tex/latex/etoolbox\etoolbox.sty
Package: etoolbox 2020/10/05 v2.5k e-TeX tools for LaTeX (JAW)
\etb@tempcnta=\count283
)
\@linkdim=\dimen162
\Hy@linkcounter=\count284
\Hy@pagecounter=\count285

(C:\Users\phile\AppData\Local\Programs\MiKTeX\tex/latex/hyperref\pd1enc.def
File: pd1enc.def 2023-11-26 v7.01g Hyperref: PDFDocEncoding definition (HO)
Now handling font encoding PD1 ...
... no UTF-8 mapping file for font encoding PD1
)
(C:\Users\phile\AppData\Local\Programs\MiKTeX\tex/generic/intcalc\intcalc.sty
Package: intcalc 2019/12/15 v1.3 Expandable calculations with integers (HO)
)
\Hy@SavedSpaceFactor=\count286

(C:\Users\phile\AppData\Local\Programs\MiKTeX\tex/latex/hyperref\puenc.def
File: puenc.def 2023-11-26 v7.01g Hyperref: PDF Unicode definition (HO)
Now handling font encoding PU ...
... no UTF-8 mapping file for font encoding PU
)
Package hyperref Info: Hyper figures OFF on input line 4181.
Package hyperref Info: Link nesting OFF on input line 4186.
Package hyperref Info: Hyper index ON on input line 4189.
Package hyperref Info: Plain pages OFF on input line 4196.
Package hyperref Info: Backreferencing OFF on input line 4201.
Package hyperref Info: Implicit mode ON; LaTeX internals redefined.
Package hyperref Info: Bookmarks ON on input line 4448.
\c@Hy@tempcnt=\count287

(C:\Users\phile\AppData\Local\Programs\MiKTeX\tex/latex/url\url.sty
\Urlmuskip=\muskip17
Package: url 2013/09/16  ver 3.4  Verb mode for urls, etc.
)
LaTeX Info: Redefining \url on input line 4786.
\XeTeXLinkMargin=\dimen163

(C:\Users\phile\AppData\Local\Programs\MiKTeX\tex/generic/bitset\bitset.sty
Package: bitset 2019/12/09 v1.3 Handle bit-vector datatype (HO)

(C:\Users\phile\AppData\Local\Programs\MiKTeX\tex/generic/bigintcalc\bigintcalc
.sty
Package: bigintcalc 2019/12/15 v1.5 Expandable calculations on big integers (HO
)
))
\Fld@menulength=\count288
\Field@Width=\dimen164
\Fld@charsize=\dimen165
Package hyperref Info: Hyper figures OFF on input line 6065.
Package hyperref Info: Link nesting OFF on input line 6070.
Package hyperref Info: Hyper index ON on input line 6073.
Package hyperref Info: backreferencing OFF on input line 6080.
Package hyperref Info: Link coloring OFF on input line 6085.
Package hyperref Info: Link coloring with OCG OFF on input line 6090.
Package hyperref Info: PDF/A mode OFF on input line 6095.

(C:\Users\phile\AppData\Local\Programs\MiKTeX\tex/latex/base\atbegshi-ltx.sty
Package: atbegshi-ltx 2021/01/10 v1.0c Emulation of the original atbegshi
package with kernel methods
)
\Hy@abspage=\count289
\c@Item=\count290
\c@Hfootnote=\count291
)
Package hyperref Info: Driver (autodetected): hpdftex.
(C:\Users\phile\AppData\Local\Programs\MiKTeX\tex/latex/hyperref\hpdftex.def
File: hpdftex.def 2023-11-26 v7.01g Hyperref driver for pdfTeX

(C:\Users\phile\AppData\Local\Programs\MiKTeX\tex/latex/base\atveryend-ltx.sty
Package: atveryend-ltx 2020/08/19 v1.0a Emulation of the original atveryend pac
kage
with kernel methods
)
\Fld@listcount=\count292
\c@bookmark@seq@number=\count293

(C:\Users\phile\AppData\Local\Programs\MiKTeX\tex/latex/rerunfilecheck\rerunfil
echeck.sty
Package: rerunfilecheck 2022-07-10 v1.10 Rerun checks for auxiliary files (HO)

(C:\Users\phile\AppData\Local\Programs\MiKTeX\tex/generic/uniquecounter\uniquec
ounter.sty
Package: uniquecounter 2019/12/15 v1.4 Provide unlimited unique counter (HO)
)
Package uniquecounter Info: New unique counter `rerunfilecheck' on input line 2
85.
)
\Hy@SectionHShift=\skip53
)
(C:\Users\phile\AppData\Local\Programs\MiKTeX\tex/latex/geometry\geometry.sty
Package: geometry 2020/01/02 v5.9 Page Geometry

(C:\Users\phile\AppData\Local\Programs\MiKTeX\tex/generic/iftex\ifvtex.sty
Package: ifvtex 2019/10/25 v1.7 ifvtex legacy package. Use iftex instead.
)
\Gm@cnth=\count294
\Gm@cntv=\count295
\c@Gm@tempcnt=\count296
\Gm@bindingoffset=\dimen166
\Gm@wd@mp=\dimen167
\Gm@odd@mp=\dimen168
\Gm@even@mp=\dimen169
\Gm@layoutwidth=\dimen170
\Gm@layoutheight=\dimen171
\Gm@layouthoffset=\dimen172
\Gm@layoutvoffset=\dimen173
\Gm@dimlist=\toks26

(C:\Users\phile\AppData\Local\Programs\MiKTeX\tex/latex/geometry\geometry.cfg))
(C:\Users\phile\AppData\Local\Programs\MiKTeX\tex/latex/tools\verbatim.sty
Package: verbatim 2023-11-06 v1.5v LaTeX2e package for verbatim enhancements
\every@verbatim=\toks27
\verbatim@line=\toks28
\verbatim@in@stream=\read3
)
(C:\Users\phile\AppData\Local\Programs\MiKTeX\tex/latex/l3backend\l3backend-pdf
tex.def
File: l3backend-pdftex.def 2024-01-04 L3 backend support: PDF output (pdfTeX)
\l__color_backend_stack_int=\count297
\l__pdf_internal_box=\box53
) (DID_Aude_2018.aux)
\openout1 = `DID_Aude_2018.aux'.

LaTeX Font Info:    Checking defaults for OML/cmm/m/it on input line 13.
LaTeX Font Info:    ... okay on input line 13.
LaTeX Font Info:    Checking defaults for OMS/cmsy/m/n on input line 13.
LaTeX Font Info:    ... okay on input line 13.
LaTeX Font Info:    Checking defaults for OT1/cmr/m/n on input line 13.
LaTeX Font Info:    ... okay on input line 13.
LaTeX Font Info:    Checking defaults for T1/cmr/m/n on input line 13.
LaTeX Font Info:    ... okay on input line 13.
LaTeX Font Info:    Checking defaults for TS1/cmr/m/n on input line 13.
LaTeX Font Info:    ... okay on input line 13.
LaTeX Font Info:    Checking defaults for OMX/cmex/m/n on input line 13.
LaTeX Font Info:    ... okay on input line 13.
LaTeX Font Info:    Checking defaults for U/cmr/m/n on input line 13.
LaTeX Font Info:    ... okay on input line 13.
LaTeX Font Info:    Checking defaults for PD1/pdf/m/n on input line 13.
LaTeX Font Info:    ... okay on input line 13.
LaTeX Font Info:    Checking defaults for PU/pdf/m/n on input line 13.
LaTeX Font Info:    ... okay on input line 13.
LaTeX Info: Redefining \degres on input line 13.
LaTeX Info: Redefining \up on input line 13.

(C:\Users\phile\AppData\Local\Programs\MiKTeX\tex/context/base/mkii\supp-pdf.mk
ii
[Loading MPS to PDF converter (version 2006.09.02).]
\scratchcounter=\count298
\scratchdimen=\dimen174
\scratchbox=\box54
\nofMPsegments=\count299
\nofMParguments=\count300
\everyMPshowfont=\toks29
\MPscratchCnt=\count301
\MPscratchDim=\dimen175
\MPnumerator=\count302
\makeMPintoPDFobject=\count303
\everyMPtoPDFconversion=\toks30
)
(C:\Users\phile\AppData\Local\Programs\MiKTeX\tex/latex/epstopdf-pkg\epstopdf-b
ase.sty
Package: epstopdf-base 2020-01-24 v2.11 Base part for package epstopdf
Package epstopdf-base Info: Redefining graphics rule for `.eps' on input line 4
85.

(C:\Users\phile\AppData\Local\Programs\MiKTeX\tex/latex/00miktex\epstopdf-sys.c
fg
File: epstopdf-sys.cfg 2021/03/18 v2.0 Configuration of epstopdf for MiKTeX
))
Package hyperref Info: Link coloring OFF on input line 13.
 (DID_Aude_2018.out) (DID_Aude_2018.out)
\@outlinefile=\write3
\openout3 = `DID_Aude_2018.out'.


*geometry* driver: auto-detecting
*geometry* detected driver: pdftex
*geometry* verbose mode - [ preamble ] result:
* driver: pdftex
* paper: a4paper
* layout: <same size as paper>
* layoutoffset:(h,v)=(0.0pt,0.0pt)
* modes: 
* h-part:(L,W,R)=(71.13188pt, 455.24411pt, 71.13188pt)
* v-part:(T,H,B)=(71.13188pt, 702.78308pt, 71.13188pt)
* \paperwidth=597.50787pt
* \paperheight=845.04684pt
* \textwidth=455.24411pt
* \textheight=702.78308pt
* \oddsidemargin=-1.1381pt
* \evensidemargin=-1.1381pt
* \topmargin=-38.1381pt
* \headheight=12.0pt
* \headsep=25.0pt
* \topskip=12.0pt
* \footskip=30.0pt
* \marginparwidth=35.0pt
* \marginparsep=10.0pt
* \columnsep=10.0pt
* \skip\footins=10.8pt plus 4.0pt minus 2.0pt
* \hoffset=0.0pt
* \voffset=0.0pt
* \mag=1000
* \@twocolumnfalse
* \@twosidefalse
* \@mparswitchfalse
* \@reversemarginfalse
* (1in=72.27pt=25.4mm, 1cm=28.453pt)

LaTeX Font Info:    Trying to load font information for U+msa on input line 18.

(C:\Users\phile\AppData\Local\Programs\MiKTeX\tex/latex/amsfonts\umsa.fd
File: umsa.fd 2013/01/14 v3.01 AMS symbols A
)
LaTeX Font Info:    Trying to load font information for U+msb on input line 18.


(C:\Users\phile\AppData\Local\Programs\MiKTeX\tex/latex/amsfonts\umsb.fd
File: umsb.fd 2013/01/14 v3.01 AMS symbols B
)

LaTeX Warning: No \author given.


Underfull \hbox (badness 10000) in paragraph at lines 26--27

 []

<Crue-oct18-Catnat.jpg, id=19, 466.74374pt x 330.23375pt>
File: Crue-oct18-Catnat.jpg Graphic file (type jpg)
<use Crue-oct18-Catnat.jpg>
Package pdftex.def Info: Crue-oct18-Catnat.jpg  used on input line 30.
(pdftex.def)             Requested size: 364.19667pt x 257.68709pt.

Underfull \hbox (badness 10000) in paragraph at lines 35--36

 []

[1

{C:/Users/phile/AppData/Local/MiKTeX/fonts/map/pdftex/pdftex.map} <./Crue-oct18
-Catnat.jpg>]
Underfull \hbox (badness 10000) in paragraph at lines 37--38

 []


Underfull \hbox (badness 10000) in paragraph at lines 57--58

 []


Underfull \hbox (badness 10000) in paragraph at lines 74--75

 []

LaTeX Font Info:    Trying to load font information for T1+cmtt on input line 7
6.
(C:\Users\phile\AppData\Local\Programs\MiKTeX\tex/latex/base\t1cmtt.fd
File: t1cmtt.fd 2023/04/13 v2.5m Standard LaTeX font definitions
)
File: "resultat_DID_Aude.txt"  (verbatim)

Overfull \hbox (63.32925pt too wide) in paragraph at lines 76--76
[]\T1/cmtt/m/n/12 =============================================================
=======================[] 
 []


Overfull \hbox (63.32925pt too wide) in paragraph at lines 76--76
[]\T1/cmtt/m/n/12 Dep. Variable:     log_prix_par_metre_carre   R-squared:     
                  0.296[] 
 []


Overfull \hbox (63.32925pt too wide) in paragraph at lines 76--76
[]\T1/cmtt/m/n/12 Model:                                  OLS   Adj. R-squared:
                  0.288[] 
 []


Overfull \hbox (63.32925pt too wide) in paragraph at lines 76--76
[]\T1/cmtt/m/n/12 Method:                       Least Squares   F-statistic:   
                  36.06[] 
 []


Overfull \hbox (63.32925pt too wide) in paragraph at lines 76--76
[]\T1/cmtt/m/n/12 Date:                      Tue, 15 Apr 2025   Prob (F-statist
ic):           1.99e-98[] 
 []


Overfull \hbox (63.32925pt too wide) in paragraph at lines 76--76
[]\T1/cmtt/m/n/12 Time:                              16:22:26   Log-Likelihood:
                -725.72[] 
 []


Overfull \hbox (63.32925pt too wide) in paragraph at lines 76--76
[]\T1/cmtt/m/n/12 No. Observations:                      1473   AIC:           
                  1487.[] 
 []


Overfull \hbox (63.32925pt too wide) in paragraph at lines 76--76
[]\T1/cmtt/m/n/12 Df Residuals:                          1455   BIC:           
                  1583.[] 
 []

[2]
Overfull \hbox (94.19672pt too wide) in paragraph at lines 76--76
[]\T1/cmtt/m/n/12 =============================================================
============================[] 
 []


Overfull \hbox (94.19672pt too wide) in paragraph at lines 76--76
[]                            \T1/cmtt/m/n/12 coef    std err          t      P
>|t|      [0.025      0.975][] 
 []


Overfull \hbox (94.19672pt too wide) in paragraph at lines 76--76
[]\T1/cmtt/m/n/12 -------------------------------------------------------------
----------------------------[] 
 []


Overfull \hbox (94.19672pt too wide) in paragraph at lines 76--76
[]\T1/cmtt/m/n/12 Intercept                 6.0867      0.173     35.283      0
.000       5.748       6.425[] 
 []


Overfull \hbox (94.19672pt too wide) in paragraph at lines 76--76
[]\T1/cmtt/m/n/12 Traitement                0.0264      0.038      0.701      0
.483      -0.047       0.100[] 
 []


Overfull \hbox (94.19672pt too wide) in paragraph at lines 76--76
[]\T1/cmtt/m/n/12 Traitement_Post          -0.0049      0.045     -0.110      0
.912      -0.093       0.083[] 
 []


Overfull \hbox (94.19672pt too wide) in paragraph at lines 76--76
[]\T1/cmtt/m/n/12 Post                      0.0408      0.036      1.139      0
.255      -0.030       0.111[] 
 []


Overfull \hbox (94.19672pt too wide) in paragraph at lines 76--76
[]\T1/cmtt/m/n/12 distance_mairie_km        0.0280      0.008      3.300      0
.001       0.011       0.045[] 
 []


Overfull \hbox (94.19672pt too wide) in paragraph at lines 76--76
[]\T1/cmtt/m/n/12 distance_fleuve           0.1071      0.047      2.270      0
.023       0.015       0.200[] 
 []


Overfull \hbox (94.19672pt too wide) in paragraph at lines 76--76
[]\T1/cmtt/m/n/12 distance_littoral        -0.0022      0.002     -1.233      0
.218      -0.006       0.001[] 
 []


Overfull \hbox (94.19672pt too wide) in paragraph at lines 76--76
[]\T1/cmtt/m/n/12 surface_terrain           0.0004   2.71e-05     15.436      0
.000       0.000       0.000[] 
 []


Overfull \hbox (94.19672pt too wide) in paragraph at lines 76--76
[]\T1/cmtt/m/n/12 moyenne_prix_m2_ville     0.0007    5.8e-05     12.103      0
.000       0.001       0.001[] 
 []


Overfull \hbox (94.19672pt too wide) in paragraph at lines 76--76
[]\T1/cmtt/m/n/12 surface_reelle_bati      -0.0023      0.000     -6.981      0
.000      -0.003      -0.002[] 
 []


Overfull \hbox (94.19672pt too wide) in paragraph at lines 76--76
[]\T1/cmtt/m/n/12 dependance_1              0.1015      0.048      2.102      0
.036       0.007       0.196[] 
 []


Overfull \hbox (94.19672pt too wide) in paragraph at lines 76--76
[]\T1/cmtt/m/n/12 dependance_2              0.1397      0.129      1.080      0
.280      -0.114       0.393[] 
 []


Overfull \hbox (94.19672pt too wide) in paragraph at lines 76--76
[]\T1/cmtt/m/n/12 dependance_3           1.464e-16   5.45e-17      2.685      0
.007    3.94e-17    2.53e-16[] 
 []


Overfull \hbox (94.19672pt too wide) in paragraph at lines 76--76
[]\T1/cmtt/m/n/12 piece_principale_1        0.1183      0.108      1.095      0
.274      -0.094       0.330[] 
 []


Overfull \hbox (94.19672pt too wide) in paragraph at lines 76--76
[]\T1/cmtt/m/n/12 piece_principale_2        0.1261      0.087      1.449      0
.147      -0.045       0.297[] 
 []


Overfull \hbox (94.19672pt too wide) in paragraph at lines 76--76
[]\T1/cmtt/m/n/12 piece_principale_3        0.0880      0.075      1.181      0
.238      -0.058       0.234[] 
 []


Overfull \hbox (94.19672pt too wide) in paragraph at lines 76--76
[]\T1/cmtt/m/n/12 piece_principale_4        0.1700      0.069      2.457      0
.014       0.034       0.306[] 
 []


Overfull \hbox (94.19672pt too wide) in paragraph at lines 76--76
[]\T1/cmtt/m/n/12 piece_principale_5        0.1217      0.068      1.791      0
.073      -0.012       0.255[] 
 []


Overfull \hbox (94.19672pt too wide) in paragraph at lines 76--76
[]\T1/cmtt/m/n/12 piece_principale_6        0.1014      0.072      1.406      0
.160      -0.040       0.243[] 
 []


Overfull \hbox (26.2883pt too wide) in paragraph at lines 76--76
[]\T1/cmtt/m/n/12 =============================================================
=================[] 
 []


Overfull \hbox (26.2883pt too wide) in paragraph at lines 76--76
[]\T1/cmtt/m/n/12 Omnibus:                      223.028   Durbin-Watson:       
            1.990[] 
 []


Overfull \hbox (26.2883pt too wide) in paragraph at lines 76--76
[]\T1/cmtt/m/n/12 Prob(Omnibus):                  0.000   Jarque-Bera (JB):    
          478.850[] 
 []


Overfull \hbox (26.2883pt too wide) in paragraph at lines 76--76
[]\T1/cmtt/m/n/12 Skew:                          -0.878   Prob(JB):            
        1.04e-104[] 
 []


Overfull \hbox (26.2883pt too wide) in paragraph at lines 76--76
[]\T1/cmtt/m/n/12 Kurtosis:                       5.172   Cond. No.            
         5.06e+20[] 
 []


Overfull \hbox (26.2883pt too wide) in paragraph at lines 76--76
[]\T1/cmtt/m/n/12 =============================================================
=================[] 
 []


Overfull \hbox (106.5437pt too wide) in paragraph at lines 76--76
[]\T1/cmtt/m/n/12 [1] Standard Errors assume that the covariance matrix of the 
errors is correctly specified.[] 
 []


Overfull \hbox (7.76782pt too wide) in paragraph at lines 76--76
[]\T1/cmtt/m/n/12 [2] The smallest eigenvalue is 1.25e-32. This might indicate 
that there are[] 
 []

[3] [4] (DID_Aude_2018.aux)
 ***********
LaTeX2e <2023-11-01> patch level 1
L3 programming layer <2024-01-04>
 ***********
Package rerunfilecheck Info: File `DID_Aude_2018.out' has not changed.
(rerunfilecheck)             Checksum: 11E36A03257DF998CBAEC9000D6F5347;348.
 ) 
Here is how much of TeX's memory you used:
 12301 strings out of 474486
 195844 string characters out of 5743756
 1952542 words of memory out of 5000000
 34419 multiletter control sequences out of 15000+600000
 572458 words of font info for 75 fonts, out of 8000000 for 9000
 1141 hyphenation exceptions out of 8191
 75i,6n,79p,749b,608s stack positions out of 10000i,1000n,20000p,200000b,200000s
 <C:\Users\phile\AppData\Local\MiKTeX\fonts/pk/ljfour/jknappen/ec/dpi600\ectt
1200.pk> <C:\Users\phile\AppData\Local\MiKTeX\fonts/pk/ljfour/jknappen/ec/dpi60
0\eccc1200.pk> <C:\Users\phile\AppData\Local\MiKTeX\fonts/pk/ljfour/jknappen/ec
/dpi600\ecrm1200.pk> <C:\Users\phile\AppData\Local\MiKTeX\fonts/pk/ljfour/jknap
pen/ec/dpi600\ecbx1728.pk> <C:\Users\phile\AppData\Local\MiKTeX\fonts/pk/ljfour
/jknappen/ec/dpi600\ecrm1440.pk> <C:\Users\phile\AppData\Local\MiKTeX\fonts/pk/
ljfour/jknappen/ec/dpi600\ecbx2074.pk><C:/Users/phile/AppData/Local/Programs/Mi
KTeX/fonts/type1/public/amsfonts/cm/cmmi12.pfb><C:/Users/phile/AppData/Local/Pr
ograms/MiKTeX/fonts/type1/public/amsfonts/cm/cmmi8.pfb><C:/Users/phile/AppData/
Local/Programs/MiKTeX/fonts/type1/public/amsfonts/cm/cmr12.pfb><C:/Users/phile/
AppData/Local/Programs/MiKTeX/fonts/type1/public/amsfonts/cm/cmr8.pfb><C:/Users
/phile/AppData/Local/Programs/MiKTeX/fonts/type1/public/amsfonts/cm/cmsy10.pfb>

Output written on DID_Aude_2018.pdf (4 pages, 187397 bytes).
PDF statistics:
 288 PDF objects out of 1000 (max. 8388607)
 11 named destinations out of 1000 (max. 500000)
 38 words of extra memory for PDF output out of 10000 (max. 10000000)

